1>------ Build started: Project: ConsoleApp2, Configuration: Debug Any CPU ------
1>  ConsoleApp2 -> C:\Users\gunta.reddy\source\repos\ConsoleApp1\ConsoleApp2\bin\Debug\ConsoleApp2.exe
1>C:\Users\gunta.reddy\source\repos\ConsoleApp1\packages\Selenium.Chrome.WebDriver.79.0.0\build\Selenium.Chrome.WebDriver.targets(7,5): warning MSB3026: Could not copy "C:\Users\gunta.reddy\source\repos\ConsoleApp1\packages\Selenium.Chrome.WebDriver.79.0.0\build\..\driver\chromedriver.exe" to "C:\Users\gunta.reddy\source\repos\ConsoleApp1\ConsoleApp2\bin\Debug\chromedriver.exe". Beginning retry 1 in 1000ms. The process cannot access the file 'C:\Users\gunta.reddy\source\repos\ConsoleApp1\ConsoleApp2\bin\Debug\chromedriver.exe' because it is being used by another process. The file is locked by: "chromedriver (18200), chromedriver (13464)"
1>C:\Users\gunta.reddy\source\repos\ConsoleApp1\packages\Selenium.Chrome.WebDriver.79.0.0\build\Selenium.Chrome.WebDriver.targets(7,5): warning MSB3026: Could not copy "C:\Users\gunta.reddy\source\repos\ConsoleApp1\packages\Selenium.Chrome.WebDriver.79.0.0\build\..\driver\chromedriver.exe" to "C:\Users\gunta.reddy\source\repos\ConsoleApp1\ConsoleApp2\bin\Debug\chromedriver.exe". Beginning retry 2 in 1000ms. The process cannot access the file 'C:\Users\gunta.reddy\source\repos\ConsoleApp1\ConsoleApp2\bin\Debug\chromedriver.exe' because it is being used by another process. The file is locked by: "chromedriver (18200), chromedriver (13464)"
1>C:\Users\gunta.reddy\source\repos\ConsoleApp1\packages\Selenium.Chrome.WebDriver.79.0.0\build\Selenium.Chrome.WebDriver.targets(7,5): warning MSB3026: Could not copy "C:\Users\gunta.reddy\source\repos\ConsoleApp1\packages\Selenium.Chrome.WebDriver.79.0.0\build\..\driver\chromedriver.exe" to "C:\Users\gunta.reddy\source\repos\ConsoleApp1\ConsoleApp2\bin\Debug\chromedriver.exe". Beginning retry 3 in 1000ms. The process cannot access the file 'C:\Users\gunta.reddy\source\repos\ConsoleApp1\ConsoleApp2\bin\Debug\chromedriver.exe' because it is being used by another process. The file is locked by: "chromedriver (18200), chromedriver (13464)"
1>C:\Users\gunta.reddy\source\repos\ConsoleApp1\packages\Selenium.Chrome.WebDriver.79.0.0\build\Selenium.Chrome.WebDriver.targets(7,5): warning MSB3026: Could not copy "C:\Users\gunta.reddy\source\repos\ConsoleApp1\packages\Selenium.Chrome.WebDriver.79.0.0\build\..\driver\chromedriver.exe" to "C:\Users\gunta.reddy\source\repos\ConsoleApp1\ConsoleApp2\bin\Debug\chromedriver.exe". Beginning retry 4 in 1000ms. The process cannot access the file 'C:\Users\gunta.reddy\source\repos\ConsoleApp1\ConsoleApp2\bin\Debug\chromedriver.exe' because it is being used by another process. The file is locked by: "chromedriver (18200), chromedriver (13464)"
1>C:\Users\gunta.reddy\source\repos\ConsoleApp1\packages\Selenium.Chrome.WebDriver.79.0.0\build\Selenium.Chrome.WebDriver.targets(7,5): warning MSB3026: Could not copy "C:\Users\gunta.reddy\source\repos\ConsoleApp1\packages\Selenium.Chrome.WebDriver.79.0.0\build\..\driver\chromedriver.exe" to "C:\Users\gunta.reddy\source\repos\ConsoleApp1\ConsoleApp2\bin\Debug\chromedriver.exe". Beginning retry 5 in 1000ms. The process cannot access the file 'C:\Users\gunta.reddy\source\repos\ConsoleApp1\ConsoleApp2\bin\Debug\chromedriver.exe' because it is being used by another process. The file is locked by: "chromedriver (18200), chromedriver (13464)"
1>C:\Users\gunta.reddy\source\repos\ConsoleApp1\packages\Selenium.Chrome.WebDriver.79.0.0\build\Selenium.Chrome.WebDriver.targets(7,5): warning MSB3026: Could not copy "C:\Users\gunta.reddy\source\repos\ConsoleApp1\packages\Selenium.Chrome.WebDriver.79.0.0\build\..\driver\chromedriver.exe" to "C:\Users\gunta.reddy\source\repos\ConsoleApp1\ConsoleApp2\bin\Debug\chromedriver.exe". Beginning retry 6 in 1000ms. The process cannot access the file 'C:\Users\gunta.reddy\source\repos\ConsoleApp1\ConsoleApp2\bin\Debug\chromedriver.exe' because it is being used by another process. The file is locked by: "chromedriver (18200), chromedriver (13464)"
1>C:\Users\gunta.reddy\source\repos\ConsoleApp1\packages\Selenium.Chrome.WebDriver.79.0.0\build\Selenium.Chrome.WebDriver.targets(7,5): warning MSB3026: Could not copy "C:\Users\gunta.reddy\source\repos\ConsoleApp1\packages\Selenium.Chrome.WebDriver.79.0.0\build\..\driver\chromedriver.exe" to "C:\Users\gunta.reddy\source\repos\ConsoleApp1\ConsoleApp2\bin\Debug\chromedriver.exe". Beginning retry 7 in 1000ms. The process cannot access the file 'C:\Users\gunta.reddy\source\repos\ConsoleApp1\ConsoleApp2\bin\Debug\chromedriver.exe' because it is being used by another process. The file is locked by: "chromedriver (18200), chromedriver (13464)"
1>C:\Users\gunta.reddy\source\repos\ConsoleApp1\packages\Selenium.Chrome.WebDriver.79.0.0\build\Selenium.Chrome.WebDriver.targets(7,5): warning MSB3026: Could not copy "C:\Users\gunta.reddy\source\repos\ConsoleApp1\packages\Selenium.Chrome.WebDriver.79.0.0\build\..\driver\chromedriver.exe" to "C:\Users\gunta.reddy\source\repos\ConsoleApp1\ConsoleApp2\bin\Debug\chromedriver.exe". Beginning retry 8 in 1000ms. The process cannot access the file 'C:\Users\gunta.reddy\source\repos\ConsoleApp1\ConsoleApp2\bin\Debug\chromedriver.exe' because it is being used by another process. The file is locked by: "chromedriver (18200), chromedriver (13464)"
1>C:\Users\gunta.reddy\source\repos\ConsoleApp1\packages\Selenium.Chrome.WebDriver.79.0.0\build\Selenium.Chrome.WebDriver.targets(7,5): warning MSB3026: Could not copy "C:\Users\gunta.reddy\source\repos\ConsoleApp1\packages\Selenium.Chrome.WebDriver.79.0.0\build\..\driver\chromedriver.exe" to "C:\Users\gunta.reddy\source\repos\ConsoleApp1\ConsoleApp2\bin\Debug\chromedriver.exe". Beginning retry 9 in 1000ms. The process cannot access the file 'C:\Users\gunta.reddy\source\repos\ConsoleApp1\ConsoleApp2\bin\Debug\chromedriver.exe' because it is being used by another process. The file is locked by: "chromedriver (18200), chromedriver (13464)"
1>C:\Users\gunta.reddy\source\repos\ConsoleApp1\packages\Selenium.Chrome.WebDriver.79.0.0\build\Selenium.Chrome.WebDriver.targets(7,5): warning MSB3026: Could not copy "C:\Users\gunta.reddy\source\repos\ConsoleApp1\packages\Selenium.Chrome.WebDriver.79.0.0\build\..\driver\chromedriver.exe" to "C:\Users\gunta.reddy\source\repos\ConsoleApp1\ConsoleApp2\bin\Debug\chromedriver.exe". Beginning retry 10 in 1000ms. The process cannot access the file 'C:\Users\gunta.reddy\source\repos\ConsoleApp1\ConsoleApp2\bin\Debug\chromedriver.exe' because it is being used by another process. The file is locked by: "chromedriver (18200), chromedriver (13464)"
1>C:\Users\gunta.reddy\source\repos\ConsoleApp1\packages\Selenium.Chrome.WebDriver.79.0.0\build\Selenium.Chrome.WebDriver.targets(7,5): error MSB3027: Could not copy "C:\Users\gunta.reddy\source\repos\ConsoleApp1\packages\Selenium.Chrome.WebDriver.79.0.0\build\..\driver\chromedriver.exe" to "C:\Users\gunta.reddy\source\repos\ConsoleApp1\ConsoleApp2\bin\Debug\chromedriver.exe". Exceeded retry count of 10. Failed. The file is locked by: "chromedriver (18200), chromedriver (13464)"
1>C:\Users\gunta.reddy\source\repos\ConsoleApp1\packages\Selenium.Chrome.WebDriver.79.0.0\build\Selenium.Chrome.WebDriver.targets(7,5): error MSB3021: Unable to copy file "C:\Users\gunta.reddy\source\repos\ConsoleApp1\packages\Selenium.Chrome.WebDriver.79.0.0\build\..\driver\chromedriver.exe" to "C:\Users\gunta.reddy\source\repos\ConsoleApp1\ConsoleApp2\bin\Debug\chromedriver.exe". The process cannot access the file 'C:\Users\gunta.reddy\source\repos\ConsoleApp1\ConsoleApp2\bin\Debug\chromedriver.exe' because it is being used by another process.
========== Build: 0 succeeded, 1 failed, 0 up-to-date, 0 skipped ==========
